  main.cpp
D:\vc项目集合\source\计算机图形学大作业尝试3\计算机图形学大作业尝试3\include\Angel.h(71,47): warning C4305: “初始化”: 从“double”到“GLfloat”截断
D:\vc项目集合\source\计算机图形学大作业尝试3\计算机图形学大作业尝试3\include\Camera.h(43,12): warning C4305: “初始化”: 从“double”到“float”截断
D:\vc项目集合\source\计算机图形学大作业尝试3\计算机图形学大作业尝试3\include\Camera.h(54,13): warning C4305: “初始化”: 从“double”到“float”截断
D:\vc项目集合\source\计算机图形学大作业尝试3\计算机图形学大作业尝试3\main.cpp(26,28): warning C4305: “初始化”: 从“double”到“float”截断
D:\vc项目集合\source\计算机图形学大作业尝试3\计算机图形学大作业尝试3\main.cpp(28,20): warning C4305: “初始化”: 从“double”到“float”截断
D:\vc项目集合\source\计算机图形学大作业尝试3\计算机图形学大作业尝试3\main.cpp(28,36): warning C4305: “初始化”: 从“double”到“float”截断
D:\vc项目集合\source\计算机图形学大作业尝试3\计算机图形学大作业尝试3\main.cpp(28,48): warning C4305: “初始化”: 从“double”到“float”截断
D:\vc项目集合\source\计算机图形学大作业尝试3\计算机图形学大作业尝试3\main.cpp(135,42): warning C4305: “参数”: 从“double”到“float”截断
D:\vc项目集合\source\计算机图形学大作业尝试3\计算机图形学大作业尝试3\main.cpp(608,23): warning C4305: “+=”: 从“double”到“float”截断
D:\vc项目集合\source\计算机图形学大作业尝试3\计算机图形学大作业尝试3\main.cpp(613,23): warning C4305: “-=”: 从“double”到“float”截断
D:\vc项目集合\source\计算机图形学大作业尝试3\计算机图形学大作业尝试3\main.cpp(622,30): warning C4305: “=”: 从“double”到“float”截断
D:\vc项目集合\source\计算机图形学大作业尝试3\计算机图形学大作业尝试3\main.cpp(674,12): warning C4101: “ambient”: 未引用的局部变量
D:\vc项目集合\source\计算机图形学大作业尝试3\计算机图形学大作业尝试3\main.cpp(673,8): warning C4101: “tmp”: 未引用的局部变量
D:\vc项目集合\source\计算机图形学大作业尝试3\计算机图形学大作业尝试3\main.cpp(741,17): warning C4018: “<”: 有符号/无符号不匹配
D:\vc项目集合\source\计算机图形学大作业尝试3\计算机图形学大作业尝试3\main.cpp(757,18): warning C4244: “初始化”: 从“double”转换到“GLfloat”，可能丢失数据
D:\vc项目集合\source\计算机图形学大作业尝试3\计算机图形学大作业尝试3\main.cpp(758,18): warning C4244: “初始化”: 从“double”转换到“GLfloat”，可能丢失数据
D:\vc项目集合\source\计算机图形学大作业尝试3\计算机图形学大作业尝试3\main.cpp(787,10): warning C4244: “初始化”: 从“int”转换到“float”，可能丢失数据
D:\vc项目集合\source\计算机图形学大作业尝试3\计算机图形学大作业尝试3\main.cpp(787,21): warning C4244: “初始化”: 从“int”转换到“float”，可能丢失数据
  计算机图形学大作业尝试3.vcxproj -> D:\vc项目集合\source\计算机图形学大作业尝试3\Debug\计算机图形学大作业尝试3.exe
